生成启动时间为 2017/9/22 15:27:23。
     1>项目“F:\GitHub\C-and-Cpp\SortAlgorithm\SortAlgorithm\SortAlgorithm\SortAlgorithm.vcxproj”在节点 2 上(build 个目标)。
     1>InitializeBuildStatus:
         正在创建“Debug\SortAlgorithm.unsuccessfulbuild”，因为已指定“AlwaysCreate”。
       ClCompile:
         D:\VS2010\VC\bin\CL.exe /c /ZI /nologo /W3 /WX- /Od /Oy- /D WIN32 /D _DEBUG /D _CONSOLE /D _UNICODE /D UNICODE /Gm /EHsc /RTC1 /MDd /GS /fp:precise /Zc:wchar_t /Zc:forScope /Fo"Debug\\" /Fd"Debug\vc100.pdb" /Gd /TP /analyze- /errorReport:prompt main.cpp sort_algorithm.cpp
         sort_algorithm.cpp
         正在生成代码...
         正在跳过...(未检测到相关更改)
         main.cpp
       ManifestResourceCompile:
         所有输出均为最新。
       Link:
         D:\VS2010\VC\bin\link.exe /ERRORREPORT:PROMPT /OUT:"F:\GitHub\C-and-Cpp\SortAlgorithm\SortAlgorithm\Debug\SortAlgorithm.exe" /INCREMENTAL /NOLOGO kernel32.lib user32.lib gdi32.lib winspool.lib comdlg32.lib advapi32.lib shell32.lib ole32.lib oleaut32.lib uuid.lib odbc32.lib odbccp32.lib /MANIFEST /ManifestFile:"Debug\SortAlgorithm.exe.intermediate.manifest" /MANIFESTUAC:"level='asInvoker' uiAccess='false'" /DEBUG /PDB:"F:\GitHub\C-and-Cpp\SortAlgorithm\SortAlgorithm\Debug\SortAlgorithm.pdb" /SUBSYSTEM:CONSOLE /TLBID:1 /DYNAMICBASE /NXCOMPAT /IMPLIB:"F:\GitHub\C-and-Cpp\SortAlgorithm\SortAlgorithm\Debug\SortAlgorithm.lib" /MACHINE:X86 Debug\SortAlgorithm.exe.embed.manifest.res
         Debug\main.obj
         Debug\sort_algorithm.obj
       Manifest:
         C:\Program Files (x86)\Microsoft SDKs\Windows\v7.0A\bin\mt.exe /nologo /verbose /out:"Debug\SortAlgorithm.exe.embed.manifest" /manifest Debug\SortAlgorithm.exe.intermediate.manifest
         所有输出均为最新。
       LinkEmbedManifest:
         所有输出均为最新。
         SortAlgorithm.vcxproj -> F:\GitHub\C-and-Cpp\SortAlgorithm\SortAlgorithm\Debug\SortAlgorithm.exe
       FinalizeBuildStatus:
         正在删除文件“Debug\SortAlgorithm.unsuccessfulbuild”。
         正在对“Debug\SortAlgorithm.lastbuildstate”执行 Touch 任务。
     1>已完成生成项目“F:\GitHub\C-and-Cpp\SortAlgorithm\SortAlgorithm\SortAlgorithm\SortAlgorithm.vcxproj”(build 个目标)的操作。

生成成功。

已用时间 00:00:00.86
